[ 2014-04-01T00:21:44+08:00 ] ::1 /wlc/?m=&c=Manage&a=errand&p=1
INFO: [ app_init ] --START--
INFO: Run Behavior\BuildLiteBehavior [ RunTime:0.000122s ]
INFO: [ app_init ] --END-- [ RunTime:0.003074s ]
INFO: [ app_begin ] --START--
INFO: Run Behavior\ReadHtmlCacheBehavior [ RunTime:0.002989s ]
INFO: [ app_begin ] --END-- [ RunTime:0.003355s ]
SQL: SHOW COLUMNS FROM `wlc_department` [ RunTime:0.011406s ]
SQL: SHOW COLUMNS FROM `wlc_user` [ RunTime:0.011428s ]
SQL: SELECT * FROM `wlc_department`  [ RunTime:0.000789s ]
SQL: SELECT `alias`,`user_id`,`department_id` FROM `wlc_user` WHERE ( `need_clock` = 1 ) AND (  (`department_id` is not NULL)  )  [ RunTime:0.000947s ]
SQL: SHOW COLUMNS FROM `wlc_errand` [ RunTime:0.012045s ]
SQL: SELECT COUNT(*) AS tp_count FROM `wlc_errand` RIGHT JOIN wlc_user ON wlc_user.user_id = wlc_errand.user_id LEFT JOIN wlc_department ON wlc_department.department_id = wlc_user.department_id  WHERE ( `start_date` >= '0000-00-00' ) AND ( `end_date` <= '9999-12-31' ) LIMIT 1   [ RunTime:0.001076s ]
SQL: SELECT `errand_id`,`department_name`,wlc_user.alias,`date`,`start_date`,`end_date`,`place`,`reason`,`object`,`cost`,`summary`,`check_status`,checker.alias AS checker,`check_datetime`,`check_comment`,checker2.alias AS checker2,`check2_datetime`,`check2_comment`,`check3_datetime`,`check3_comment` FROM `wlc_errand` RIGHT JOIN wlc_user ON wlc_user.user_id = wlc_errand.user_id LEFT JOIN wlc_department ON wlc_department.department_id = wlc_user.department_id LEFT JOIN wlc_user AS checker ON checker.user_id = wlc_errand.checker_id LEFT JOIN wlc_user AS checker2 ON checker2.user_id = wlc_errand.checker_id  WHERE ( `start_date` >= '0000-00-00' ) AND ( `end_date` <= '9999-12-31' ) ORDER BY date desc,wlc_user.department_id,wlc_user.alias LIMIT 0,8   [ RunTime:0.014464s ]
INFO: [ view_parse ] --START--
INFO: [ template_filter ] --START--
INFO: Run Behavior\ContentReplaceBehavior [ RunTime:0.000432s ]
INFO: [ template_filter ] --END-- [ RunTime:0.000763s ]
NOTIC: [8] Undefined index: return E:\wamp\www\wlc\Application\Runtime\Cache\Home\b730df822ceb9cc7b25e8d3f84aa42af.php 第 117 行.
NOTIC: [8] Undefined index: return E:\wamp\www\wlc\Application\Runtime\Cache\Home\b730df822ceb9cc7b25e8d3f84aa42af.php 第 117 行.
NOTIC: [8] Undefined index: status E:\wamp\www\wlc\Application\Runtime\Cache\Home\b730df822ceb9cc7b25e8d3f84aa42af.php 第 190 行.
INFO: Run Behavior\ParseTemplateBehavior [ RunTime:0.062134s ]
INFO: [ view_parse ] --END-- [ RunTime:0.062454s ]
INFO: [ view_filter ] --START--
INFO: Run Behavior\WriteHtmlCacheBehavior [ RunTime:0.002791s ]
INFO: [ view_filter ] --END-- [ RunTime:0.003090s ]
INFO: [ view_parse ] --START--
INFO: [ template_filter ] --START--
INFO: Run Behavior\ContentReplaceBehavior [ RunTime:0.000451s ]
INFO: [ template_filter ] --END-- [ RunTime:-0.033763s ]
INFO: Run Behavior\ParseTemplateBehavior [ RunTime:0.022164s ]
INFO: [ view_parse ] --END-- [ RunTime:-0.004103s ]
INFO: [ view_filter ] --START--
INFO: Run Behavior\WriteHtmlCacheBehavior [ RunTime:0.000078s ]
INFO: [ view_filter ] --END-- [ RunTime:-0.023468s ]
INFO: [ view_parse ] --START--
INFO: [ template_filter ] --START--
INFO: Run Behavior\ContentReplaceBehavior [ RunTime:0.000135s ]
INFO: [ template_filter ] --END-- [ RunTime:-0.045676s ]
INFO: Run Behavior\ParseTemplateBehavior [ RunTime:0.008437s ]
INFO: [ view_parse ] --END-- [ RunTime:-0.027878s ]
INFO: [ view_filter ] --START--
INFO: Run Behavior\WriteHtmlCacheBehavior [ RunTime:0.000081s ]
INFO: [ view_filter ] --END-- [ RunTime:-0.033531s ]
INFO: [ view_parse ] --START--
INFO: [ template_filter ] --START--
INFO: Run Behavior\ContentReplaceBehavior [ RunTime:0.000487s ]
INFO: [ template_filter ] --END-- [ RunTime:-0.070549s ]
SQL: SELECT COUNT(*) AS tp_count FROM `wlc_errand` WHERE ( `check_status` = 1 ) LIMIT 1   [ RunTime:0.000949s ]
SQL: SHOW COLUMNS FROM `wlc_leave` [ RunTime:0.012503s ]
SQL: SELECT COUNT(*) AS tp_count FROM `wlc_leave` WHERE ( `check_status` = 1 ) LIMIT 1   [ RunTime:0.000793s ]
INFO: Run Behavior\ParseTemplateBehavior [ RunTime:0.052723s ]
INFO: [ view_parse ] --END-- [ RunTime:-0.038336s ]
INFO: [ view_filter ] --START--
INFO: Run Behavior\WriteHtmlCacheBehavior [ RunTime:0.000078s ]
INFO: [ view_filter ] --END-- [ RunTime:-0.088282s ]
INFO: [ app_end ] --START--
INFO: Run Behavior\ShowPageTraceBehavior [ RunTime:0.003921s ]
INFO: [ app_end ] --END-- [ RunTime:0.004230s ]

[ 2014-04-01T20:10:51+08:00 ] ::1 /wlc/?m=&c=Main&a=errand
INFO: [ app_init ] --START--
INFO: Run Behavior\BuildLiteBehavior [ RunTime:0.000027s ]
INFO: [ app_init ] --END-- [ RunTime:0.000853s ]
INFO: [ app_begin ] --START--
INFO: Run Behavior\ReadHtmlCacheBehavior [ RunTime:0.001007s ]
INFO: [ app_begin ] --END-- [ RunTime:0.001111s ]
SQL: SHOW COLUMNS FROM `wlc_errand` [ RunTime:0.004702s ]
SQL: SELECT COUNT(*) AS tp_count FROM `wlc_errand` WHERE ( wlc_errand.user_id = '5' ) AND ( `start_date` >= '0000-00-00' ) AND ( `end_date` <= '9999-12-31' ) LIMIT 1   [ RunTime:0.000961s ]
NOTIC: [8] Undefined variable: perPage E:\wamp\www\wlc\Application\Home\Model\ErrandModel.class.php 第 46 行.
SQL: SELECT `errand_id`,`date`,`start_date`,`end_date`,`place`,`reason`,`object`,`cost`,`summary`,`check_status`,checker.alias AS checker,`check_datetime`,`check_comment`,checker2.alias AS checker2,`check2_datetime`,`check2_comment`,`check3_datetime`,`check3_comment` FROM `wlc_errand` LEFT JOIN wlc_user AS checker ON checker.user_id = wlc_errand.checker_id LEFT JOIN wlc_user AS checker2 ON checker2.user_id = wlc_errand.checker2_id  WHERE ( wlc_errand.user_id = '5' ) AND ( `start_date` >= '0000-00-00' ) AND ( `end_date` <= '9999-12-31' ) ORDER BY date desc  [ RunTime:0.001129s ]
INFO: [ view_parse ] --START--
INFO: [ template_filter ] --START--
INFO: Run Behavior\ContentReplaceBehavior [ RunTime:0.000115s ]
INFO: [ template_filter ] --END-- [ RunTime:0.000217s ]
INFO: Run Behavior\ParseTemplateBehavior [ RunTime:0.016875s ]
INFO: [ view_parse ] --END-- [ RunTime:0.016976s ]
INFO: [ view_filter ] --START--
INFO: Run Behavior\WriteHtmlCacheBehavior [ RunTime:0.000995s ]
INFO: [ view_filter ] --END-- [ RunTime:0.001086s ]
INFO: [ view_parse ] --START--
INFO: [ template_filter ] --START--
INFO: Run Behavior\ContentReplaceBehavior [ RunTime:0.000116s ]
INFO: [ template_filter ] --END-- [ RunTime:-0.009304s ]
INFO: Run Behavior\ParseTemplateBehavior [ RunTime:0.006326s ]
INFO: [ view_parse ] --END-- [ RunTime:-0.001378s ]
INFO: [ view_filter ] --START--
INFO: Run Behavior\WriteHtmlCacheBehavior [ RunTime:0.000023s ]
INFO: [ view_filter ] --END-- [ RunTime:-0.006707s ]
INFO: [ view_parse ] --START--
INFO: [ template_filter ] --START--
INFO: Run Behavior\ContentReplaceBehavior [ RunTime:0.000128s ]
INFO: [ template_filter ] --END-- [ RunTime:-0.015996s ]
INFO: Run Behavior\ParseTemplateBehavior [ RunTime:0.006154s ]
INFO: [ view_parse ] --END-- [ RunTime:-0.008433s ]
INFO: [ view_filter ] --START--
INFO: Run Behavior\WriteHtmlCacheBehavior [ RunTime:0.000023s ]
INFO: [ view_filter ] --END-- [ RunTime:-0.013589s ]
INFO: [ view_parse ] --START--
INFO: [ template_filter ] --START--
INFO: Run Behavior\ContentReplaceBehavior [ RunTime:0.000039s ]
INFO: [ template_filter ] --END-- [ RunTime:-0.019966s ]
INFO: Run Behavior\ParseTemplateBehavior [ RunTime:0.002598s ]
INFO: [ view_parse ] --END-- [ RunTime:-0.015230s ]
INFO: [ view_filter ] --START--
INFO: Run Behavior\WriteHtmlCacheBehavior [ RunTime:0.000023s ]
INFO: [ view_filter ] --END-- [ RunTime:-0.016842s ]
INFO: [ view_parse ] --START--
INFO: [ template_filter ] --START--
INFO: Run Behavior\ContentReplaceBehavior [ RunTime:0.000154s ]
INFO: [ template_filter ] --END-- [ RunTime:-0.028561s ]
SQL: SHOW COLUMNS FROM `wlc_borrow` [ RunTime:0.005028s ]
SQL: SELECT * FROM `wlc_borrow` WHERE ( `user_id` = 5 ) AND ( `check_status` = 2 ) AND ( `return` = 1 )  [ RunTime:0.000920s ]
NOTIC: [2] Invalid argument supplied for foreach() E:\wamp\www\wlc\Application\Home\Model\BorrowModel.class.php 第 321 行.
INFO: Run Behavior\ParseTemplateBehavior [ RunTime:0.018896s ]
INFO: [ view_parse ] --END-- [ RunTime:-0.018758s ]
INFO: [ view_filter ] --START--
INFO: Run Behavior\WriteHtmlCacheBehavior [ RunTime:0.000026s ]
INFO: [ view_filter ] --END-- [ RunTime:-0.036664s ]
INFO: [ app_end ] --START--
INFO: Run Behavior\ShowPageTraceBehavior [ RunTime:0.001320s ]
INFO: [ app_end ] --END-- [ RunTime:0.001413s ]

[ 2014-04-01T20:10:51+08:00 ] ::1 /wlc/?m=&c=Main&a=leave
INFO: [ app_init ] --START--
INFO: Run Behavior\BuildLiteBehavior [ RunTime:0.000027s ]
INFO: [ app_init ] --END-- [ RunTime:0.000541s ]
INFO: [ app_begin ] --START--
INFO: Run Behavior\ReadHtmlCacheBehavior [ RunTime:0.000667s ]
INFO: [ app_begin ] --END-- [ RunTime:0.000778s ]
SQL: SHOW COLUMNS FROM `wlc_leave` [ RunTime:0.004929s ]
SQL: SELECT COUNT(*) AS tp_count FROM `wlc_leave` WHERE ( wlc_leave.user_id = '5' ) AND ( `start_date` >= '0000-00-00' ) AND ( `end_date` <= '9999-12-31' ) LIMIT 1   [ RunTime:0.001061s ]
SQL: SELECT `leave_id`,`date`,`type`,`start_date`,`start_time`,`end_date`,`end_time`,`reason`,`check_status`,checker.alias AS checker,`check_datetime`,`check_comment`,`report` FROM `wlc_leave` LEFT JOIN wlc_user AS checker ON checker.user_id = wlc_leave.checker_id  WHERE ( wlc_leave.user_id = '5' ) AND ( `start_date` >= '0000-00-00' ) AND ( `end_date` <= '9999-12-31' ) ORDER BY date desc LIMIT 0,8   [ RunTime:0.000424s ]
INFO: [ view_parse ] --START--
INFO: [ template_filter ] --START--
INFO: Run Behavior\ContentReplaceBehavior [ RunTime:0.000120s ]
INFO: [ template_filter ] --END-- [ RunTime:0.000227s ]
INFO: Run Behavior\ParseTemplateBehavior [ RunTime:0.015249s ]
INFO: [ view_parse ] --END-- [ RunTime:0.015384s ]
INFO: [ view_filter ] --START--
INFO: Run Behavior\WriteHtmlCacheBehavior [ RunTime:0.000403s ]
INFO: [ view_filter ] --END-- [ RunTime:0.000493s ]
INFO: [ view_parse ] --START--
INFO: [ template_filter ] --START--
INFO: Run Behavior\ContentReplaceBehavior [ RunTime:0.000088s ]
INFO: [ template_filter ] --END-- [ RunTime:-0.007170s ]
INFO: Run Behavior\ParseTemplateBehavior [ RunTime:0.004953s ]
INFO: [ view_parse ] --END-- [ RunTime:-0.000990s ]
INFO: [ view_filter ] --START--
INFO: Run Behavior\WriteHtmlCacheBehavior [ RunTime:0.000032s ]
INFO: [ view_filter ] --END-- [ RunTime:-0.005556s ]
INFO: [ view_parse ] --START--
INFO: [ template_filter ] --START--
INFO: Run Behavior\ContentReplaceBehavior [ RunTime:0.000085s ]
INFO: [ template_filter ] --END-- [ RunTime:-0.012628s ]
INFO: Run Behavior\ParseTemplateBehavior [ RunTime:0.005080s ]
INFO: [ view_parse ] --END-- [ RunTime:-0.006435s ]
INFO: [ view_filter ] --START--
INFO: Run Behavior\WriteHtmlCacheBehavior [ RunTime:0.000025s ]
INFO: [ view_filter ] --END-- [ RunTime:-0.011114s ]
INFO: [ view_parse ] --START--
INFO: [ template_filter ] --START--
INFO: Run Behavior\ContentReplaceBehavior [ RunTime:0.000041s ]
INFO: [ template_filter ] --END-- [ RunTime:-0.016173s ]
INFO: Run Behavior\ParseTemplateBehavior [ RunTime:0.002484s ]
INFO: [ view_parse ] --END-- [ RunTime:-0.012014s ]
INFO: [ view_filter ] --START--
INFO: Run Behavior\WriteHtmlCacheBehavior [ RunTime:0.000024s ]
INFO: [ view_filter ] --END-- [ RunTime:-0.014099s ]
INFO: [ view_parse ] --START--
INFO: [ template_filter ] --START--
INFO: Run Behavior\ContentReplaceBehavior [ RunTime:0.000150s ]
INFO: [ template_filter ] --END-- [ RunTime:-0.022827s ]
SQL: SHOW COLUMNS FROM `wlc_borrow` [ RunTime:0.003908s ]
SQL: SELECT * FROM `wlc_borrow` WHERE ( `user_id` = 5 ) AND ( `check_status` = 2 ) AND ( `return` = 1 )  [ RunTime:0.000317s ]
NOTIC: [2] Invalid argument supplied for foreach() E:\wamp\www\wlc\Application\Home\Model\BorrowModel.class.php 第 321 行.
INFO: Run Behavior\ParseTemplateBehavior [ RunTime:0.014873s ]
INFO: [ view_parse ] --END-- [ RunTime:-0.015062s ]
INFO: [ view_filter ] --START--
INFO: Run Behavior\WriteHtmlCacheBehavior [ RunTime:0.000027s ]
INFO: [ view_filter ] --END-- [ RunTime:-0.029531s ]
INFO: [ app_end ] --START--
INFO: Run Behavior\ShowPageTraceBehavior [ RunTime:0.000913s ]
INFO: [ app_end ] --END-- [ RunTime:0.001004s ]

[ 2014-04-01T20:11:22+08:00 ] ::1 /wlc/?m=&c=Main&a=workplan
INFO: [ app_init ] --START--
INFO: Run Behavior\BuildLiteBehavior [ RunTime:0.000027s ]
INFO: [ app_init ] --END-- [ RunTime:0.000588s ]
INFO: [ app_begin ] --START--
INFO: Run Behavior\ReadHtmlCacheBehavior [ RunTime:0.000805s ]
INFO: [ app_begin ] --END-- [ RunTime:0.000920s ]
INFO: [ view_parse ] --START--
INFO: [ template_filter ] --START--
INFO: Run Behavior\ContentReplaceBehavior [ RunTime:0.000049s ]
INFO: [ template_filter ] --END-- [ RunTime:0.000144s ]
INFO: Run Behavior\ParseTemplateBehavior [ RunTime:0.007673s ]
INFO: [ view_parse ] --END-- [ RunTime:0.007787s ]
INFO: [ view_filter ] --START--
INFO: Run Behavior\WriteHtmlCacheBehavior [ RunTime:0.000525s ]
INFO: [ view_filter ] --END-- [ RunTime:0.000617s ]
INFO: [ view_parse ] --START--
INFO: [ template_filter ] --START--
INFO: Run Behavior\ContentReplaceBehavior [ RunTime:0.000151s ]
INFO: [ template_filter ] --END-- [ RunTime:-0.007763s ]
SQL: SHOW COLUMNS FROM `wlc_borrow` [ RunTime:0.004405s ]
SQL: SELECT * FROM `wlc_borrow` WHERE ( `user_id` = 5 ) AND ( `check_status` = 2 ) AND ( `return` = 1 )  [ RunTime:0.000312s ]
NOTIC: [2] Invalid argument supplied for foreach() E:\wamp\www\wlc\Application\Home\Model\BorrowModel.class.php 第 321 行.
INFO: Run Behavior\ParseTemplateBehavior [ RunTime:0.033317s ]
INFO: [ view_parse ] --END-- [ RunTime:-0.000983s ]
INFO: [ view_filter ] --START--
INFO: Run Behavior\WriteHtmlCacheBehavior [ RunTime:0.000025s ]
INFO: [ view_filter ] --END-- [ RunTime:-0.033773s ]
INFO: [ app_end ] --START--
INFO: Run Behavior\ShowPageTraceBehavior [ RunTime:0.000878s ]
INFO: [ app_end ] --END-- [ RunTime:0.000969s ]

[ 2014-04-01T20:11:23+08:00 ] ::1 /wlc/?m=&c=Main&a=borrow
INFO: [ app_init ] --START--
INFO: Run Behavior\BuildLiteBehavior [ RunTime:0.000028s ]
INFO: [ app_init ] --END-- [ RunTime:0.000540s ]
INFO: [ app_begin ] --START--
INFO: Run Behavior\ReadHtmlCacheBehavior [ RunTime:0.000731s ]
INFO: [ app_begin ] --END-- [ RunTime:0.000847s ]
SQL: SHOW COLUMNS FROM `wlc_borrow` [ RunTime:0.004170s ]
NOTIC: [8] Undefined variable: return E:\wamp\www\wlc\Application\Home\Controller\BorrowController.class.php 第 68 行.
SQL: SELECT COUNT(*) AS tp_count FROM `wlc_borrow` WHERE ( wlc_borrow.user_id = '5' ) AND ( `start_date` >= '0000-00-00' ) AND ( `end_date` <= '9999-12-31' ) LIMIT 1   [ RunTime:0.000315s ]
NOTIC: [8] Undefined variable: perPage E:\wamp\www\wlc\Application\Home\Model\BorrowModel.class.php 第 74 行.
SQL: SELECT `borrow_id`,`date`,`start_date`,`end_date`,`goods_name`,`goods_parts`,`goods_number`,`reason`,`check_status`,`check_datetime`,`check_comment`,`return` FROM `wlc_borrow` WHERE ( wlc_borrow.user_id = '5' ) AND ( `start_date` >= '0000-00-00' ) AND ( `end_date` <= '9999-12-31' ) ORDER BY date desc  [ RunTime:0.000332s ]
INFO: [ view_parse ] --START--
INFO: [ template_filter ] --START--
INFO: Run Behavior\ContentReplaceBehavior [ RunTime:0.000124s ]
INFO: [ template_filter ] --END-- [ RunTime:0.000242s ]
NOTIC: [8] Undefined index: start_time E:\wamp\www\wlc\Application\Runtime\Cache\Home\3d91e90f9df56de43f7cfed2e42db3fa.php 第 88 行.
NOTIC: [8] Undefined index: end_time E:\wamp\www\wlc\Application\Runtime\Cache\Home\3d91e90f9df56de43f7cfed2e42db3fa.php 第 89 行.
NOTIC: [8] Undefined index: start_time E:\wamp\www\wlc\Application\Runtime\Cache\Home\3d91e90f9df56de43f7cfed2e42db3fa.php 第 88 行.
NOTIC: [8] Undefined index: end_time E:\wamp\www\wlc\Application\Runtime\Cache\Home\3d91e90f9df56de43f7cfed2e42db3fa.php 第 89 行.
NOTIC: [8] Undefined index: start_time E:\wamp\www\wlc\Application\Runtime\Cache\Home\3d91e90f9df56de43f7cfed2e42db3fa.php 第 88 行.
NOTIC: [8] Undefined index: end_time E:\wamp\www\wlc\Application\Runtime\Cache\Home\3d91e90f9df56de43f7cfed2e42db3fa.php 第 89 行.
NOTIC: [8] Undefined index: start_time E:\wamp\www\wlc\Application\Runtime\Cache\Home\3d91e90f9df56de43f7cfed2e42db3fa.php 第 88 行.
NOTIC: [8] Undefined index: end_time E:\wamp\www\wlc\Application\Runtime\Cache\Home\3d91e90f9df56de43f7cfed2e42db3fa.php 第 89 行.
NOTIC: [8] Undefined index: start_time E:\wamp\www\wlc\Application\Runtime\Cache\Home\3d91e90f9df56de43f7cfed2e42db3fa.php 第 88 行.
NOTIC: [8] Undefined index: end_time E:\wamp\www\wlc\Application\Runtime\Cache\Home\3d91e90f9df56de43f7cfed2e42db3fa.php 第 89 行.
NOTIC: [8] Undefined index: start_time E:\wamp\www\wlc\Application\Runtime\Cache\Home\3d91e90f9df56de43f7cfed2e42db3fa.php 第 88 行.
NOTIC: [8] Undefined index: end_time E:\wamp\www\wlc\Application\Runtime\Cache\Home\3d91e90f9df56de43f7cfed2e42db3fa.php 第 89 行.
INFO: Run Behavior\ParseTemplateBehavior [ RunTime:0.015518s ]
INFO: [ view_parse ] --END-- [ RunTime:0.015622s ]
INFO: [ view_filter ] --START--
INFO: Run Behavior\WriteHtmlCacheBehavior [ RunTime:0.000451s ]
INFO: [ view_filter ] --END-- [ RunTime:0.000543s ]
INFO: [ view_parse ] --START--
INFO: [ template_filter ] --START--
INFO: Run Behavior\ContentReplaceBehavior [ RunTime:0.000105s ]
INFO: [ template_filter ] --END-- [ RunTime:-0.008307s ]
INFO: Run Behavior\ParseTemplateBehavior [ RunTime:0.005286s ]
INFO: [ view_parse ] --END-- [ RunTime:-0.000878s ]
INFO: [ view_filter ] --START--
INFO: Run Behavior\WriteHtmlCacheBehavior [ RunTime:0.000024s ]
INFO: [ view_filter ] --END-- [ RunTime:-0.005712s ]
INFO: [ view_parse ] --START--
INFO: [ template_filter ] --START--
INFO: Run Behavior\ContentReplaceBehavior [ RunTime:0.000093s ]
INFO: [ template_filter ] --END-- [ RunTime:-0.013276s ]
INFO: Run Behavior\ParseTemplateBehavior [ RunTime:0.004472s ]
INFO: [ view_parse ] --END-- [ RunTime:-0.006664s ]
INFO: [ view_filter ] --START--
INFO: Run Behavior\WriteHtmlCacheBehavior [ RunTime:0.000029s ]
INFO: [ view_filter ] --END-- [ RunTime:-0.010681s ]
INFO: [ view_parse ] --START--
INFO: [ template_filter ] --START--
INFO: Run Behavior\ContentReplaceBehavior [ RunTime:0.000041s ]
INFO: [ template_filter ] --END-- [ RunTime:-0.016714s ]
INFO: Run Behavior\ParseTemplateBehavior [ RunTime:0.002631s ]
INFO: [ view_parse ] --END-- [ RunTime:-0.011638s ]
INFO: [ view_filter ] --START--
INFO: Run Behavior\WriteHtmlCacheBehavior [ RunTime:0.000024s ]
INFO: [ view_filter ] --END-- [ RunTime:-0.013835s ]
INFO: [ view_parse ] --START--
INFO: [ template_filter ] --START--
INFO: Run Behavior\ContentReplaceBehavior [ RunTime:0.000148s ]
INFO: [ template_filter ] --END-- [ RunTime:-0.023525s ]
SQL: SELECT * FROM `wlc_borrow` WHERE ( `user_id` = 5 ) AND ( `check_status` = 2 ) AND ( `return` = 1 )  [ RunTime:0.000390s ]
NOTIC: [2] Invalid argument supplied for foreach() E:\wamp\www\wlc\Application\Home\Model\BorrowModel.class.php 第 321 行.
INFO: Run Behavior\ParseTemplateBehavior [ RunTime:0.008975s ]
INFO: [ view_parse ] --END-- [ RunTime:-0.014827s ]
INFO: [ view_filter ] --START--
INFO: Run Behavior\WriteHtmlCacheBehavior [ RunTime:0.000024s ]
INFO: [ view_filter ] --END-- [ RunTime:-0.023347s ]
INFO: [ app_end ] --START--
INFO: Run Behavior\ShowPageTraceBehavior [ RunTime:0.000759s ]
INFO: [ app_end ] --END-- [ RunTime:0.000851s ]

[ 2014-04-01T21:25:45+08:00 ] ::1 /wlc/?m=&c=Main&a=borrow
INFO: [ app_init ] --START--
INFO: Run Behavior\BuildLiteBehavior [ RunTime:0.000028s ]
INFO: [ app_init ] --END-- [ RunTime:0.000629s ]
INFO: [ app_begin ] --START--
INFO: Run Behavior\ReadHtmlCacheBehavior [ RunTime:0.000788s ]
INFO: [ app_begin ] --END-- [ RunTime:0.000904s ]
SQL: SHOW COLUMNS FROM `wlc_borrow` [ RunTime:0.004222s ]
NOTIC: [8] Undefined variable: return E:\wamp\www\wlc\Application\Home\Controller\BorrowController.class.php 第 68 行.
SQL: SELECT COUNT(*) AS tp_count FROM `wlc_borrow` WHERE ( wlc_borrow.user_id = '5' ) AND ( `start_date` >= '0000-00-00' ) AND ( `end_date` <= '9999-12-31' ) LIMIT 1   [ RunTime:0.000396s ]
NOTIC: [8] Undefined variable: perPage E:\wamp\www\wlc\Application\Home\Model\BorrowModel.class.php 第 74 行.
SQL: SELECT `borrow_id`,`date`,`start_date`,`end_date`,`goods_name`,`goods_parts`,`goods_number`,`reason`,`check_status`,`check_datetime`,`check_comment`,`return` FROM `wlc_borrow` WHERE ( wlc_borrow.user_id = '5' ) AND ( `start_date` >= '0000-00-00' ) AND ( `end_date` <= '9999-12-31' ) ORDER BY date desc  [ RunTime:0.000423s ]
INFO: [ view_parse ] --START--
INFO: [ template_filter ] --START--
INFO: Run Behavior\ContentReplaceBehavior [ RunTime:0.000130s ]
INFO: [ template_filter ] --END-- [ RunTime:0.000239s ]
NOTIC: [8] Undefined index: start_time E:\wamp\www\wlc\Application\Runtime\Cache\Home\3d91e90f9df56de43f7cfed2e42db3fa.php 第 88 行.
NOTIC: [8] Undefined index: end_time E:\wamp\www\wlc\Application\Runtime\Cache\Home\3d91e90f9df56de43f7cfed2e42db3fa.php 第 89 行.
NOTIC: [8] Undefined index: start_time E:\wamp\www\wlc\Application\Runtime\Cache\Home\3d91e90f9df56de43f7cfed2e42db3fa.php 第 88 行.
NOTIC: [8] Undefined index: end_time E:\wamp\www\wlc\Application\Runtime\Cache\Home\3d91e90f9df56de43f7cfed2e42db3fa.php 第 89 行.
NOTIC: [8] Undefined index: start_time E:\wamp\www\wlc\Application\Runtime\Cache\Home\3d91e90f9df56de43f7cfed2e42db3fa.php 第 88 行.
NOTIC: [8] Undefined index: end_time E:\wamp\www\wlc\Application\Runtime\Cache\Home\3d91e90f9df56de43f7cfed2e42db3fa.php 第 89 行.
NOTIC: [8] Undefined index: start_time E:\wamp\www\wlc\Application\Runtime\Cache\Home\3d91e90f9df56de43f7cfed2e42db3fa.php 第 88 行.
NOTIC: [8] Undefined index: end_time E:\wamp\www\wlc\Application\Runtime\Cache\Home\3d91e90f9df56de43f7cfed2e42db3fa.php 第 89 行.
NOTIC: [8] Undefined index: start_time E:\wamp\www\wlc\Application\Runtime\Cache\Home\3d91e90f9df56de43f7cfed2e42db3fa.php 第 88 行.
NOTIC: [8] Undefined index: end_time E:\wamp\www\wlc\Application\Runtime\Cache\Home\3d91e90f9df56de43f7cfed2e42db3fa.php 第 89 行.
NOTIC: [8] Undefined index: start_time E:\wamp\www\wlc\Application\Runtime\Cache\Home\3d91e90f9df56de43f7cfed2e42db3fa.php 第 88 行.
NOTIC: [8] Undefined index: end_time E:\wamp\www\wlc\Application\Runtime\Cache\Home\3d91e90f9df56de43f7cfed2e42db3fa.php 第 89 行.
INFO: Run Behavior\ParseTemplateBehavior [ RunTime:0.016348s ]
INFO: [ view_parse ] --END-- [ RunTime:0.016452s ]
INFO: [ view_filter ] --START--
INFO: Run Behavior\WriteHtmlCacheBehavior [ RunTime:0.000562s ]
INFO: [ view_filter ] --END-- [ RunTime:0.000655s ]
INFO: [ view_parse ] --START--
INFO: [ template_filter ] --START--
INFO: Run Behavior\ContentReplaceBehavior [ RunTime:0.000094s ]
INFO: [ template_filter ] --END-- [ RunTime:-0.008386s ]
INFO: Run Behavior\ParseTemplateBehavior [ RunTime:0.004650s ]
INFO: [ view_parse ] --END-- [ RunTime:-0.000993s ]
INFO: [ view_filter ] --START--
INFO: Run Behavior\WriteHtmlCacheBehavior [ RunTime:0.000024s ]
INFO: [ view_filter ] --END-- [ RunTime:-0.005078s ]
INFO: [ view_parse ] --START--
INFO: [ template_filter ] --START--
INFO: Run Behavior\ContentReplaceBehavior [ RunTime:0.000088s ]
INFO: [ template_filter ] --END-- [ RunTime:-0.013447s ]
INFO: Run Behavior\ParseTemplateBehavior [ RunTime:0.004304s ]
INFO: [ view_parse ] --END-- [ RunTime:-0.006149s ]
INFO: [ view_filter ] --START--
INFO: Run Behavior\WriteHtmlCacheBehavior [ RunTime:0.000023s ]
INFO: [ view_filter ] --END-- [ RunTime:-0.009885s ]
INFO: [ view_parse ] --START--
INFO: [ template_filter ] --START--
INFO: Run Behavior\ContentReplaceBehavior [ RunTime:0.000039s ]
INFO: [ template_filter ] --END-- [ RunTime:-0.016638s ]
INFO: Run Behavior\ParseTemplateBehavior [ RunTime:0.002566s ]
INFO: [ view_parse ] --END-- [ RunTime:-0.010937s ]
INFO: [ view_filter ] --START--
INFO: Run Behavior\WriteHtmlCacheBehavior [ RunTime:0.000026s ]
INFO: [ view_filter ] --END-- [ RunTime:-0.013014s ]
INFO: [ view_parse ] --START--
INFO: [ template_filter ] --START--
INFO: Run Behavior\ContentReplaceBehavior [ RunTime:0.000149s ]
INFO: [ template_filter ] --END-- [ RunTime:-0.023560s ]
SQL: SELECT * FROM `wlc_borrow` WHERE ( `user_id` = 5 ) AND ( `check_status` = 2 ) AND ( `return` = 1 )  [ RunTime:0.000414s ]
NOTIC: [2] Invalid argument supplied for foreach() E:\wamp\www\wlc\Application\Home\Model\BorrowModel.class.php 第 321 行.
INFO: Run Behavior\ParseTemplateBehavior [ RunTime:0.009252s ]
INFO: [ view_parse ] --END-- [ RunTime:-0.014151s ]
INFO: [ view_filter ] --START--
INFO: Run Behavior\WriteHtmlCacheBehavior [ RunTime:0.000024s ]
INFO: [ view_filter ] --END-- [ RunTime:-0.022837s ]
INFO: [ app_end ] --START--
INFO: Run Behavior\ShowPageTraceBehavior [ RunTime:0.000901s ]
INFO: [ app_end ] --END-- [ RunTime:0.000992s ]

[ 2014-04-01T21:25:51+08:00 ] ::1 /wlc/?m=&c=Borrow&a=editBorrow
INFO: [ app_init ] --START--
INFO: Run Behavior\BuildLiteBehavior [ RunTime:0.000029s ]
INFO: [ app_init ] --END-- [ RunTime:0.000655s ]
INFO: [ app_begin ] --START--
INFO: Run Behavior\ReadHtmlCacheBehavior [ RunTime:0.000812s ]
INFO: [ app_begin ] --END-- [ RunTime:0.000906s ]
SQL: SHOW COLUMNS FROM `wlc_borrow` [ RunTime:0.003734s ]
SQL: SELECT * FROM `wlc_borrow` WHERE ( `borrow_id` = 26 )  [ RunTime:0.000329s ]
SQL: UPDATE `wlc_borrow` SET `user_id`=5,`date`='2014-03-25',`start_date`='2014-03-18',`end_date`='2014-03-26',`goods_name`='相机',`goods_parts`='镜头',`goods_number`=1,`reason`='=  = \r\n测试的是是',`check_status`=1,`check_datetime`=null,`check_comment`=null,`return`=1 WHERE ( `borrow_id` = 26 ) [ RunTime:0.001111s ]
SQL: SELECT * FROM `wlc_borrow` WHERE ( `borrow_id` = 26 )  [ RunTime:0.000287s ]

[ 2014-04-01T21:25:53+08:00 ] ::1 /wlc/?m=&c=Main&a=borrow
INFO: [ app_init ] --START--
INFO: Run Behavior\BuildLiteBehavior [ RunTime:0.000027s ]
INFO: [ app_init ] --END-- [ RunTime:0.000513s ]
INFO: [ app_begin ] --START--
INFO: Run Behavior\ReadHtmlCacheBehavior [ RunTime:0.000712s ]
INFO: [ app_begin ] --END-- [ RunTime:0.000846s ]
SQL: SHOW COLUMNS FROM `wlc_borrow` [ RunTime:0.003766s ]
NOTIC: [8] Undefined variable: return E:\wamp\www\wlc\Application\Home\Controller\BorrowController.class.php 第 68 行.
SQL: SELECT COUNT(*) AS tp_count FROM `wlc_borrow` WHERE ( wlc_borrow.user_id = '5' ) AND ( `start_date` >= '0000-00-00' ) AND ( `end_date` <= '9999-12-31' ) LIMIT 1   [ RunTime:0.000259s ]
NOTIC: [8] Undefined variable: perPage E:\wamp\www\wlc\Application\Home\Model\BorrowModel.class.php 第 74 行.
SQL: SELECT `borrow_id`,`date`,`start_date`,`end_date`,`goods_name`,`goods_parts`,`goods_number`,`reason`,`check_status`,`check_datetime`,`check_comment`,`return` FROM `wlc_borrow` WHERE ( wlc_borrow.user_id = '5' ) AND ( `start_date` >= '0000-00-00' ) AND ( `end_date` <= '9999-12-31' ) ORDER BY date desc  [ RunTime:0.000311s ]
INFO: [ view_parse ] --START--
INFO: [ template_filter ] --START--
INFO: Run Behavior\ContentReplaceBehavior [ RunTime:0.000114s ]
INFO: [ template_filter ] --END-- [ RunTime:0.000217s ]
NOTIC: [8] Undefined index: start_time E:\wamp\www\wlc\Application\Runtime\Cache\Home\3d91e90f9df56de43f7cfed2e42db3fa.php 第 88 行.
NOTIC: [8] Undefined index: end_time E:\wamp\www\wlc\Application\Runtime\Cache\Home\3d91e90f9df56de43f7cfed2e42db3fa.php 第 89 行.
NOTIC: [8] Undefined index: start_time E:\wamp\www\wlc\Application\Runtime\Cache\Home\3d91e90f9df56de43f7cfed2e42db3fa.php 第 88 行.
NOTIC: [8] Undefined index: end_time E:\wamp\www\wlc\Application\Runtime\Cache\Home\3d91e90f9df56de43f7cfed2e42db3fa.php 第 89 行.
NOTIC: [8] Undefined index: start_time E:\wamp\www\wlc\Application\Runtime\Cache\Home\3d91e90f9df56de43f7cfed2e42db3fa.php 第 88 行.
NOTIC: [8] Undefined index: end_time E:\wamp\www\wlc\Application\Runtime\Cache\Home\3d91e90f9df56de43f7cfed2e42db3fa.php 第 89 行.
NOTIC: [8] Undefined index: start_time E:\wamp\www\wlc\Application\Runtime\Cache\Home\3d91e90f9df56de43f7cfed2e42db3fa.php 第 88 行.
NOTIC: [8] Undefined index: end_time E:\wamp\www\wlc\Application\Runtime\Cache\Home\3d91e90f9df56de43f7cfed2e42db3fa.php 第 89 行.
NOTIC: [8] Undefined index: start_time E:\wamp\www\wlc\Application\Runtime\Cache\Home\3d91e90f9df56de43f7cfed2e42db3fa.php 第 88 行.
NOTIC: [8] Undefined index: end_time E:\wamp\www\wlc\Application\Runtime\Cache\Home\3d91e90f9df56de43f7cfed2e42db3fa.php 第 89 行.
NOTIC: [8] Undefined index: start_time E:\wamp\www\wlc\Application\Runtime\Cache\Home\3d91e90f9df56de43f7cfed2e42db3fa.php 第 88 行.
NOTIC: [8] Undefined index: end_time E:\wamp\www\wlc\Application\Runtime\Cache\Home\3d91e90f9df56de43f7cfed2e42db3fa.php 第 89 行.
INFO: Run Behavior\ParseTemplateBehavior [ RunTime:0.014926s ]
INFO: [ view_parse ] --END-- [ RunTime:0.015023s ]
INFO: [ view_filter ] --START--
INFO: Run Behavior\WriteHtmlCacheBehavior [ RunTime:0.000478s ]
INFO: [ view_filter ] --END-- [ RunTime:0.000567s ]
INFO: [ view_parse ] --START--
INFO: [ template_filter ] --START--
INFO: Run Behavior\ContentReplaceBehavior [ RunTime:0.000114s ]
INFO: [ template_filter ] --END-- [ RunTime:-0.007415s ]
INFO: Run Behavior\ParseTemplateBehavior [ RunTime:0.004685s ]
INFO: [ view_parse ] --END-- [ RunTime:-0.000882s ]
INFO: [ view_filter ] --START--
INFO: Run Behavior\WriteHtmlCacheBehavior [ RunTime:0.000022s ]
INFO: [ view_filter ] --END-- [ RunTime:-0.005084s ]
INFO: [ view_parse ] --START--
INFO: [ template_filter ] --START--
INFO: Run Behavior\ContentReplaceBehavior [ RunTime:0.000087s ]
INFO: [ template_filter ] --END-- [ RunTime:-0.012266s ]
INFO: Run Behavior\ParseTemplateBehavior [ RunTime:0.004160s ]
INFO: [ view_parse ] --END-- [ RunTime:-0.006025s ]
INFO: [ view_filter ] --START--
INFO: Run Behavior\WriteHtmlCacheBehavior [ RunTime:0.000024s ]
INFO: [ view_filter ] --END-- [ RunTime:-0.009714s ]
INFO: [ view_parse ] --START--
INFO: [ template_filter ] --START--
INFO: Run Behavior\ContentReplaceBehavior [ RunTime:0.000039s ]
INFO: [ template_filter ] --END-- [ RunTime:-0.015444s ]
INFO: Run Behavior\ParseTemplateBehavior [ RunTime:0.002295s ]
INFO: [ view_parse ] --END-- [ RunTime:-0.010677s ]
INFO: [ view_filter ] --START--
INFO: Run Behavior\WriteHtmlCacheBehavior [ RunTime:0.000024s ]
INFO: [ view_filter ] --END-- [ RunTime:-0.012509s ]
INFO: [ view_parse ] --START--
INFO: [ template_filter ] --START--
INFO: Run Behavior\ContentReplaceBehavior [ RunTime:0.000148s ]
INFO: [ template_filter ] --END-- [ RunTime:-0.021938s ]
SQL: SELECT * FROM `wlc_borrow` WHERE ( `user_id` = 5 ) AND ( `check_status` = 2 ) AND ( `return` = 1 )  [ RunTime:0.000403s ]
NOTIC: [2] Invalid argument supplied for foreach() E:\wamp\www\wlc\Application\Home\Model\BorrowModel.class.php 第 321 行.
INFO: Run Behavior\ParseTemplateBehavior [ RunTime:0.008911s ]
INFO: [ view_parse ] --END-- [ RunTime:-0.013518s ]
INFO: [ view_filter ] --START--
INFO: Run Behavior\WriteHtmlCacheBehavior [ RunTime:0.000023s ]
INFO: [ view_filter ] --END-- [ RunTime:-0.021949s ]
INFO: [ app_end ] --START--
INFO: Run Behavior\ShowPageTraceBehavior [ RunTime:0.000800s ]
INFO: [ app_end ] --END-- [ RunTime:0.000890s ]

[ 2014-04-01T21:25:58+08:00 ] ::1 /wlc/?m=&c=Borrow&a=editBorrow
INFO: [ app_init ] --START--
INFO: Run Behavior\BuildLiteBehavior [ RunTime:0.000030s ]
INFO: [ app_init ] --END-- [ RunTime:0.000646s ]
INFO: [ app_begin ] --START--
INFO: Run Behavior\ReadHtmlCacheBehavior [ RunTime:0.000792s ]
INFO: [ app_begin ] --END-- [ RunTime:0.000904s ]
SQL: SHOW COLUMNS FROM `wlc_borrow` [ RunTime:0.003948s ]
SQL: SELECT * FROM `wlc_borrow` WHERE ( `borrow_id` = 26 )  [ RunTime:0.000364s ]
SQL: UPDATE `wlc_borrow` SET `user_id`=5,`date`='2014-03-25',`start_date`='2014-03-18',`end_date`='2014-03-26',`goods_name`='相机',`goods_parts`='镜头',`goods_number`=1,`reason`='=  = \r\n测试的是是',`check_status`=1,`check_datetime`=null,`check_comment`=null,`return`=1 WHERE ( `borrow_id` = 26 ) [ RunTime:0.001330s ]
SQL: SELECT * FROM `wlc_borrow` WHERE ( `borrow_id` = 26 )  [ RunTime:0.000270s ]

[ 2014-04-01T21:25:59+08:00 ] ::1 /wlc/?m=&c=Main&a=borrow
INFO: [ app_init ] --START--
INFO: Run Behavior\BuildLiteBehavior [ RunTime:0.000026s ]
INFO: [ app_init ] --END-- [ RunTime:0.000525s ]
INFO: [ app_begin ] --START--
INFO: Run Behavior\ReadHtmlCacheBehavior [ RunTime:0.000639s ]
INFO: [ app_begin ] --END-- [ RunTime:0.000741s ]
SQL: SHOW COLUMNS FROM `wlc_borrow` [ RunTime:0.003621s ]
NOTIC: [8] Undefined variable: return E:\wamp\www\wlc\Application\Home\Controller\BorrowController.class.php 第 68 行.
SQL: SELECT COUNT(*) AS tp_count FROM `wlc_borrow` WHERE ( wlc_borrow.user_id = '5' ) AND ( `start_date` >= '0000-00-00' ) AND ( `end_date` <= '9999-12-31' ) LIMIT 1   [ RunTime:0.000305s ]
NOTIC: [8] Undefined variable: perPage E:\wamp\www\wlc\Application\Home\Model\BorrowModel.class.php 第 74 行.
SQL: SELECT `borrow_id`,`date`,`start_date`,`end_date`,`goods_name`,`goods_parts`,`goods_number`,`reason`,`check_status`,`check_datetime`,`check_comment`,`return` FROM `wlc_borrow` WHERE ( wlc_borrow.user_id = '5' ) AND ( `start_date` >= '0000-00-00' ) AND ( `end_date` <= '9999-12-31' ) ORDER BY date desc  [ RunTime:0.000343s ]
INFO: [ view_parse ] --START--
INFO: [ template_filter ] --START--
INFO: Run Behavior\ContentReplaceBehavior [ RunTime:0.000115s ]
INFO: [ template_filter ] --END-- [ RunTime:0.000224s ]
NOTIC: [8] Undefined index: start_time E:\wamp\www\wlc\Application\Runtime\Cache\Home\3d91e90f9df56de43f7cfed2e42db3fa.php 第 88 行.
NOTIC: [8] Undefined index: end_time E:\wamp\www\wlc\Application\Runtime\Cache\Home\3d91e90f9df56de43f7cfed2e42db3fa.php 第 89 行.
NOTIC: [8] Undefined index: start_time E:\wamp\www\wlc\Application\Runtime\Cache\Home\3d91e90f9df56de43f7cfed2e42db3fa.php 第 88 行.
NOTIC: [8] Undefined index: end_time E:\wamp\www\wlc\Application\Runtime\Cache\Home\3d91e90f9df56de43f7cfed2e42db3fa.php 第 89 行.
NOTIC: [8] Undefined index: start_time E:\wamp\www\wlc\Application\Runtime\Cache\Home\3d91e90f9df56de43f7cfed2e42db3fa.php 第 88 行.
NOTIC: [8] Undefined index: end_time E:\wamp\www\wlc\Application\Runtime\Cache\Home\3d91e90f9df56de43f7cfed2e42db3fa.php 第 89 行.
NOTIC: [8] Undefined index: start_time E:\wamp\www\wlc\Application\Runtime\Cache\Home\3d91e90f9df56de43f7cfed2e42db3fa.php 第 88 行.
NOTIC: [8] Undefined index: end_time E:\wamp\www\wlc\Application\Runtime\Cache\Home\3d91e90f9df56de43f7cfed2e42db3fa.php 第 89 行.
NOTIC: [8] Undefined index: start_time E:\wamp\www\wlc\Application\Runtime\Cache\Home\3d91e90f9df56de43f7cfed2e42db3fa.php 第 88 行.
NOTIC: [8] Undefined index: end_time E:\wamp\www\wlc\Application\Runtime\Cache\Home\3d91e90f9df56de43f7cfed2e42db3fa.php 第 89 行.
NOTIC: [8] Undefined index: start_time E:\wamp\www\wlc\Application\Runtime\Cache\Home\3d91e90f9df56de43f7cfed2e42db3fa.php 第 88 行.
NOTIC: [8] Undefined index: end_time E:\wamp\www\wlc\Application\Runtime\Cache\Home\3d91e90f9df56de43f7cfed2e42db3fa.php 第 89 行.
INFO: Run Behavior\ParseTemplateBehavior [ RunTime:0.014422s ]
INFO: [ view_parse ] --END-- [ RunTime:0.014518s ]
INFO: [ view_filter ] --START--
INFO: Run Behavior\WriteHtmlCacheBehavior [ RunTime:0.000459s ]
INFO: [ view_filter ] --END-- [ RunTime:0.000547s ]
INFO: [ view_parse ] --START--
INFO: [ template_filter ] --START--
INFO: Run Behavior\ContentReplaceBehavior [ RunTime:0.000097s ]
INFO: [ template_filter ] --END-- [ RunTime:-0.007220s ]
INFO: Run Behavior\ParseTemplateBehavior [ RunTime:0.004432s ]
INFO: [ view_parse ] --END-- [ RunTime:-0.000861s ]
INFO: [ view_filter ] --START--
INFO: Run Behavior\WriteHtmlCacheBehavior [ RunTime:0.000024s ]
INFO: [ view_filter ] --END-- [ RunTime:-0.004834s ]
INFO: [ view_parse ] --START--
INFO: [ template_filter ] --START--
INFO: Run Behavior\ContentReplaceBehavior [ RunTime:0.000087s ]
INFO: [ template_filter ] --END-- [ RunTime:-0.011887s ]
INFO: Run Behavior\ParseTemplateBehavior [ RunTime:0.004259s ]
INFO: [ view_parse ] --END-- [ RunTime:-0.005776s ]
INFO: [ view_filter ] --START--
INFO: Run Behavior\WriteHtmlCacheBehavior [ RunTime:0.000022s ]
INFO: [ view_filter ] --END-- [ RunTime:-0.009568s ]
INFO: [ view_parse ] --START--
INFO: [ template_filter ] --START--
INFO: Run Behavior\ContentReplaceBehavior [ RunTime:0.000041s ]
INFO: [ template_filter ] --END-- [ RunTime:-0.015126s ]
INFO: Run Behavior\ParseTemplateBehavior [ RunTime:0.002239s ]
INFO: [ view_parse ] --END-- [ RunTime:-0.010499s ]
INFO: [ view_filter ] --START--
INFO: Run Behavior\WriteHtmlCacheBehavior [ RunTime:0.000024s ]
INFO: [ view_filter ] --END-- [ RunTime:-0.012295s ]
INFO: [ view_parse ] --START--
INFO: [ template_filter ] --START--
INFO: Run Behavior\ContentReplaceBehavior [ RunTime:0.000147s ]
INFO: [ template_filter ] --END-- [ RunTime:-0.021531s ]
SQL: SELECT * FROM `wlc_borrow` WHERE ( `user_id` = 5 ) AND ( `check_status` = 2 ) AND ( `return` = 1 )  [ RunTime:0.000414s ]
NOTIC: [2] Invalid argument supplied for foreach() E:\wamp\www\wlc\Application\Home\Model\BorrowModel.class.php 第 321 行.
INFO: Run Behavior\ParseTemplateBehavior [ RunTime:0.008930s ]
INFO: [ view_parse ] --END-- [ RunTime:-0.013280s ]
INFO: [ view_filter ] --START--
INFO: Run Behavior\WriteHtmlCacheBehavior [ RunTime:0.000025s ]
INFO: [ view_filter ] --END-- [ RunTime:-0.021750s ]
INFO: [ app_end ] --START--
INFO: Run Behavior\ShowPageTraceBehavior [ RunTime:0.000837s ]
INFO: [ app_end ] --END-- [ RunTime:0.000927s ]

